{"C:\\Users\\anabe\\multiverse\\Cheese-boards-project\\src\\index.js": {"path":"C:\\Users\\anabe\\multiverse\\Cheese-boards-project\\src\\index.js","statementMap":{"0":{"start":{"line":1,"column":43},"end":{"line":1,"column":63}},"1":{"start":{"line":2,"column":18},"end":{"line":2,"column":48}},"2":{"start":{"line":3,"column":22},"end":{"line":3,"column":53}},"3":{"start":{"line":4,"column":19},"end":{"line":4,"column":50}},"4":{"start":{"line":5,"column":17},"end":{"line":5,"column":46}},"5":{"start":{"line":9,"column":0},"end":{"line":9,"column":20}},"6":{"start":{"line":10,"column":0},"end":{"line":10,"column":22}},"7":{"start":{"line":13,"column":0},"end":{"line":13,"column":57}},"8":{"start":{"line":14,"column":0},"end":{"line":14,"column":57}},"9":{"start":{"line":16,"column":0},"end":{"line":20,"column":2}}},"fnMap":{},"branchMap":{},"s":{"0":1,"1":1,"2":1,"3":1,"4":1,"5":1,"6":1,"7":1,"8":1,"9":1},"f":{},"b":{},"_coverageSchema":"1a1c01bbd47fc00a2c39e90264f33305004495a9","hash":"4849b036f922ec5276346ca1fc52b8809c14a0da"}
,"C:\\Users\\anabe\\multiverse\\Cheese-boards-project\\src\\db\\connection.js": {"path":"C:\\Users\\anabe\\multiverse\\Cheese-boards-project\\src\\db\\connection.js","statementMap":{"0":{"start":{"line":1,"column":13},"end":{"line":1,"column":28}},"1":{"start":{"line":2,"column":29},"end":{"line":2,"column":49}},"2":{"start":{"line":6,"column":18},"end":{"line":10,"column":2}},"3":{"start":{"line":12,"column":0},"end":{"line":15,"column":2}}},"fnMap":{},"branchMap":{},"s":{"0":1,"1":1,"2":1,"3":1},"f":{},"b":{},"_coverageSchema":"1a1c01bbd47fc00a2c39e90264f33305004495a9","hash":"cc31ba1a9b21916ac8e478622616b5674433dcb0"}
,"C:\\Users\\anabe\\multiverse\\Cheese-boards-project\\src\\models\\Board.js": {"path":"C:\\Users\\anabe\\multiverse\\Cheese-boards-project\\src\\models\\Board.js","statementMap":{"0":{"start":{"line":1,"column":22},"end":{"line":1,"column":42}},"1":{"start":{"line":2,"column":33},"end":{"line":2,"column":60}},"2":{"start":{"line":5,"column":12},"end":{"line":9,"column":2}},"3":{"start":{"line":11,"column":0},"end":{"line":13,"column":2}}},"fnMap":{},"branchMap":{},"s":{"0":1,"1":1,"2":1,"3":1},"f":{},"b":{},"_coverageSchema":"1a1c01bbd47fc00a2c39e90264f33305004495a9","hash":"645b581fefa650fd0082da6e03b2cd58bbc8934e"}
,"C:\\Users\\anabe\\multiverse\\Cheese-boards-project\\src\\models\\Cheese.js": {"path":"C:\\Users\\anabe\\multiverse\\Cheese-boards-project\\src\\models\\Cheese.js","statementMap":{"0":{"start":{"line":1,"column":22},"end":{"line":1,"column":42}},"1":{"start":{"line":2,"column":33},"end":{"line":2,"column":60}},"2":{"start":{"line":5,"column":13},"end":{"line":8,"column":2}},"3":{"start":{"line":10,"column":0},"end":{"line":12,"column":2}}},"fnMap":{},"branchMap":{},"s":{"0":1,"1":1,"2":1,"3":1},"f":{},"b":{},"_coverageSchema":"1a1c01bbd47fc00a2c39e90264f33305004495a9","hash":"cbc5903eedb9d1ce6ce9b5bc6f6bc4470ca21c9c"}
,"C:\\Users\\anabe\\multiverse\\Cheese-boards-project\\src\\models\\User.js": {"path":"C:\\Users\\anabe\\multiverse\\Cheese-boards-project\\src\\models\\User.js","statementMap":{"0":{"start":{"line":1,"column":22},"end":{"line":1,"column":42}},"1":{"start":{"line":2,"column":33},"end":{"line":2,"column":60}},"2":{"start":{"line":5,"column":11},"end":{"line":8,"column":2}},"3":{"start":{"line":10,"column":0},"end":{"line":12,"column":2}}},"fnMap":{},"branchMap":{},"s":{"0":1,"1":1,"2":1,"3":1},"f":{},"b":{},"_coverageSchema":"1a1c01bbd47fc00a2c39e90264f33305004495a9","hash":"00ffabae88b1322e076ab261d2a83a2aa38643a2"}
,"C:\\Users\\anabe\\multiverse\\Cheese-boards-project\\tests\\SeedData.js": {"path":"C:\\Users\\anabe\\multiverse\\Cheese-boards-project\\tests\\SeedData.js","statementMap":{"0":{"start":{"line":1,"column":18},"end":{"line":31,"column":1}},"1":{"start":{"line":33,"column":19},"end":{"line":87,"column":1}},"2":{"start":{"line":89,"column":17},"end":{"line":104,"column":1}},"3":{"start":{"line":106,"column":0},"end":{"line":110,"column":2}}},"fnMap":{},"branchMap":{},"s":{"0":1,"1":1,"2":1,"3":1},"f":{},"b":{},"_coverageSchema":"1a1c01bbd47fc00a2c39e90264f33305004495a9","hash":"dbda1fef54b16a3e17d220e2a7c02390edff0e02"}
}
