TN:
SF:src\index.js
FNF:0
FNH:0
DA:1,1
DA:2,1
DA:3,1
DA:4,1
DA:5,1
DA:7,1
LF:6
LH:6
BRF:0
BRH:0
end_of_record
TN:
SF:src\db\connection.js
FNF:0
FNH:0
DA:1,1
DA:2,1
DA:6,1
DA:12,1
LF:4
LH:4
BRF:0
BRH:0
end_of_record
TN:
SF:src\models\Board.js
FNF:0
FNH:0
DA:1,1
DA:2,1
DA:5,1
DA:11,1
LF:4
LH:4
BRF:0
BRH:0
end_of_record
TN:
SF:src\models\Cheese.js
FNF:0
FNH:0
DA:1,1
DA:2,1
DA:5,1
DA:10,1
LF:4
LH:4
BRF:0
BRH:0
end_of_record
TN:
SF:src\models\User.js
FNF:0
FNH:0
DA:1,1
DA:2,1
DA:5,1
DA:10,1
LF:4
LH:4
BRF:0
BRH:0
end_of_record
TN:
SF:tests\SeedData.js
FNF:0
FNH:0
DA:1,1
DA:33,1
DA:89,1
DA:106,1
LF:4
LH:4
BRF:0
BRH:0
end_of_record
